[INFO] Scanning for projects...
[INFO] ------------------------------------------------------------------------
[INFO] Reactor Build Order:
[INFO] 
[INFO] LOCAL_PROJECT Codes Master
[INFO] LOCAL_PROJECT Routines
[INFO] LOCAL_PROJECT step_genericloadElasticsearch (Job Designs)
[INFO] 
[INFO] Using the builder org.apache.maven.lifecycle.internal.builder.multithreaded.MultiThreadedBuilder with a thread count of 4
[INFO]                                                                         
[INFO] ------------------------------------------------------------------------
[INFO] Building LOCAL_PROJECT Codes Master 6.4.1
[INFO] ------------------------------------------------------------------------
[INFO]                                                                         
[INFO] ------------------------------------------------------------------------
[INFO] Building LOCAL_PROJECT Routines 6.4.1
[INFO] ------------------------------------------------------------------------
[INFO]                                                                         
[INFO] ------------------------------------------------------------------------
[INFO] Building LOCAL_PROJECT step_genericloadElasticsearch (Job Designs) 0.1.0
[INFO] ------------------------------------------------------------------------
[INFO] 
[INFO] --- maven-resources-plugin:2.7:resources (default-resources) @ routines ---
[INFO] 
[INFO] --- maven-resources-plugin:2.7:resources (default-resources) @ step_genericloadElasticsearch ---
[INFO] Using 'UTF-8' encoding to copy filtered resources.
[INFO] Using 'UTF-8' encoding to copy filtered resources.
[INFO] Copying 0 resource
[INFO] 
[INFO] --- maven-compiler-plugin:2.5.1:compile (default-compile) @ step_genericloadElasticsearch ---
[INFO] Copying 50 resources
[INFO] 
[INFO] --- maven-compiler-plugin:2.5.1:compile (default-compile) @ routines ---
[INFO] Nothing to compile - all classes are up to date
[INFO] 
[INFO] --- maven-resources-plugin:2.7:copy-resources (copy-running-resources) @ step_genericloadElasticsearch ---
[INFO] Using 'UTF-8' encoding to copy filtered resources.
[INFO] Copying 1 resource
[INFO] 
[INFO] --- maven-resources-plugin:2.7:testResources (default-testResources) @ step_genericloadElasticsearch ---
[INFO] Using 'UTF-8' encoding to copy filtered resources.
[INFO] Copying 0 resource
[INFO] 
[INFO] --- maven-compiler-plugin:2.5.1:testCompile (default-testCompile) @ step_genericloadElasticsearch ---
[INFO] Nothing to compile - all classes are up to date
[INFO] 
[INFO] --- maven-surefire-plugin:2.12.4:test (default-test) @ step_genericloadElasticsearch ---
[INFO] Nothing to compile - all classes are up to date
[INFO] 
[INFO] --- maven-resources-plugin:2.7:testResources (default-testResources) @ routines ---
[INFO] Using 'UTF-8' encoding to copy filtered resources.
[INFO] Copying 0 resource
[INFO] 
[INFO] --- maven-compiler-plugin:2.5.1:testCompile (default-testCompile) @ routines ---
[INFO] Nothing to compile - all classes are up to date
[INFO] 
[INFO] --- maven-surefire-plugin:2.12.4:test (default-test) @ routines ---
[INFO] Tests are skipped.
[INFO] 
[INFO] --- maven-jar-plugin:2.6:jar (default-jar) @ routines ---
[INFO] Tests are skipped.
[INFO] 
[INFO] --- maven-jar-plugin:2.6:jar (default-jar) @ step_genericloadElasticsearch ---
[INFO] Building jar: K:\TOS_BD-20170623_1246-V6.4.1\workspace\.Java\target\step_genericloadelasticsearch_0_1.jar
[INFO] Building jar: K:\TOS_BD-20170623_1246-V6.4.1\workspace\.Java\target\routines-6.4.1.jar
[INFO] 
[INFO] --- maven-assembly-plugin:2.5.5:single (default) @ step_genericloadElasticsearch ---
[INFO] Reading assembly descriptor: K:\TOS_BD-20170623_1246-V6.4.1\workspace\.Java/src/main/assemblies/assembly_step_genericloadElasticsearch_0.1.xml
[INFO] ------------------------------------------------------------------------
[INFO] Reactor Summary:
[INFO] 
[INFO] LOCAL_PROJECT Codes Master ........................ SUCCESS [  0.000 s]
[INFO] LOCAL_PROJECT Routines ............................ SKIPPED
[INFO] LOCAL_PROJECT step_genericloadElasticsearch (Job Designs)  FAILURE [  3.652 s]
[INFO] ------------------------------------------------------------------------
[INFO] BUILD FAILURE
[INFO] ------------------------------------------------------------------------
[INFO] Total time: 3.902 s (Wall Clock)
[INFO] Finished at: 2018-01-11T04:07:10-05:00
[INFO] Final Memory: 17M/220M
[INFO] ------------------------------------------------------------------------
[ERROR] Failed to execute goal org.apache.maven.plugins:maven-assembly-plugin:2.5.5:single (default) on project step_genericloadElasticsearch: Failed to create assembly: Error adding file 'org.talend.code.local_project:routines:jar:6.4.1' to archive: K:\TOS_BD-20170623_1246-V6.4.1\workspace\.Java\target\classes isn't a file. -> [Help 1]
[ERROR] 
[ERROR] To see the full stack trace of the errors, re-run Maven with the -e switch.
[ERROR] Re-run Maven using the -X switch to enable full debug logging.
[ERROR] 
[ERROR] For more information about the errors and possible solutions, please read the following articles:
[ERROR] [Help 1] http://cwiki.apache.org/confluence/display/MAVEN/MojoExecutionException
[ERROR] 
[ERROR] After correcting the problems, you can resume the build with the command
[ERROR]   mvn <goals> -rf :step_genericloadElasticsearch
